[2010/03/04 05:47:19] Invalid binding.xml, there was a parsing problem.
[2010/03/04 05:47:49] Invalid binding.xml, there was a parsing problem.
[2010/03/04 05:48:42] Invalid binding.xml, there was a parsing problem.
[2010/03/04 05:48:43] Invalid binding.xml, there was a parsing problem.
[2010/03/04 05:48:47] Invalid binding.xml, there was a parsing problem.
[2010/03/05 01:29:30] The view "private" has not been defined bindings.xml
[2010/03/05 01:29:37] Missing delegate 'Validate.delegate.php'
[2010/03/05 01:30:32] The view "private" has not been defined bindings.xml
[2010/03/05 01:34:19] The view "" has not been defined bindings.xml
[2010/03/05 01:34:35] The view "" has not been defined bindings.xml
[2010/03/05 01:35:15] The view "" has not been defined bindings.xml
[2010/03/05 01:36:32] The view "" has not been defined bindings.xml
[2010/03/05 01:36:33] The view "" has not been defined bindings.xml
[2010/03/05 01:37:57] The view "" has not been defined bindings.xml
[2010/03/07 12:52:15] Invalid template home
[2010/03/07 01:21:08] The view "add-participant" has not been defined bindings.xml
[2010/03/07 01:21:15] The view "add-Participant" has not been defined bindings.xml
[2010/03/07 01:21:35] The view "add-participant" has not been defined bindings.xml
[2010/03/07 01:25:06] User role: invalid. This role has no priviledges for this view add-participant
[2010/03/07 01:26:06] Missing delegate 'participantDelegate.delegate.php'
[2010/03/08 09:56:58] The view "controller.php" has not been defined bindings.xml
[2010/03/08 09:57:10] The view "controller.php" has not been defined bindings.xml
[2010/03/08 09:57:33] The view "controller.php" has not been defined bindings.xml
[2010/03/08 09:58:17] The view "controller.php" has not been defined bindings.xml
[2010/03/08 09:59:01] The view "controller" has not been defined bindings.xml
[2010/03/08 10:00:15] The view "controller" has not been defined bindings.xml
[2010/03/09 12:32:40] The view "controller" has not been defined bindings.xml
[2010/03/09 12:32:55] The view "controller" has not been defined bindings.xml
[2010/03/09 12:33:27] The view "controller" has not been defined bindings.xml
[2010/03/09 12:33:55] The view "" has not been defined bindings.xml
[2010/03/09 12:33:56] The view "" has not been defined bindings.xml
[2010/03/09 12:48:25] The view "" has not been defined bindings.xml
[2010/03/09 12:48:57] The view "" has not been defined bindings.xml
[2010/03/09 12:48:59] The view "" has not been defined bindings.xml
[2010/03/09 12:48:59] The view "" has not been defined bindings.xml
[2010/03/09 12:49:00] The view "" has not been defined bindings.xml
[2010/03/09 12:49:08] The view "" has not been defined bindings.xml
[2010/03/09 12:49:10] The view "" has not been defined bindings.xml
[2010/03/09 12:50:09] The view "" has not been defined bindings.xml
[2010/03/09 12:50:10] The view "" has not been defined bindings.xml
[2010/03/09 12:50:31] The view "" has not been defined bindings.xml
[2010/03/09 12:52:00] The view "" has not been defined bindings.xml
[2010/03/09 12:52:38] The view "" has not been defined bindings.xml
[2010/03/09 12:52:39] The view "" has not been defined bindings.xml
[2010/03/09 12:53:15] The view "" has not been defined bindings.xml
[2010/03/09 12:55:14] The view "default.css" has not been defined bindings.xml
[2010/03/09 12:55:14] The view "datepicker.css" has not been defined bindings.xml
[2010/03/09 12:55:15] The view "jquery.js" has not been defined bindings.xml
[2010/03/09 12:55:34] The view "" has not been defined bindings.xml
[2010/03/09 12:56:49] The view "datepicker.css" has not been defined bindings.xml
[2010/03/09 01:05:02] The view "controller.php" has not been defined bindings.xml
[2010/03/09 04:23:11] User role: invalid. This role has no priviledges for this view private
[2010/03/09 04:25:05] User role: invalid. This role has no priviledges for this view private
[2010/03/25 03:26:50] The view "" has not been defined bindings.xml
[2010/04/07 04:21:48] The view "" has not been defined bindings.xml
[2010/04/07 04:22:12] The view "" has not been defined bindings.xml
[2010/04/07 04:23:08] The view "" has not been defined bindings.xml
[2010/04/07 04:23:46] The view "" has not been defined bindings.xml
[2010/04/15 05:23:45] The view "" has not been defined bindings.xml
[2010/04/15 05:23:48] The view "" has not been defined bindings.xml
[2010/04/18 09:41:34] The view "" has not been defined bindings.xml
[2010/04/25 03:00:33] The view "contrasena" has not been defined bindings.xml
[2010/04/25 03:00:52] User role: admin. This role has no priviledges for this view change-password
[2010/04/25 03:13:36] User role: invalid. This role has no priviledges for this view private
[2010/04/25 03:15:37] The view "search" has not been defined bindings.xml
[2010/04/25 03:16:01] The view "search" has not been defined bindings.xml
[2010/05/22 12:49:27] User role: . This role has no priviledges for this view login
[2010/05/22 12:50:56] The view "olvidar-cambio" has not been defined bindings.xml
[2010/05/22 01:10:20] Missing delegate 'InicioDelegate.delegate.php'
[2010/05/22 01:11:42] User role: invalid. This role has no priviledges for this view catalogo
[2010/05/22 01:12:02] Missing delegate 'Catalogo.delegate.php'
[2010/05/22 01:12:13] Missing delegate 'Catalogo.delegate.php'
[2010/05/22 01:12:14] Missing delegate 'Catalogo.delegate.php'
[2010/05/22 01:12:26] Missing delegate 'CatalogoDelegate.delegate.php'
[2010/05/22 01:12:27] Missing delegate 'CatalogoDelegate.delegate.php'
[2010/05/22 01:13:49] No se ha podido realizar la accion: select id,nombre from catalogo -> Table 'canis.catalogo' doesn't exist
[2010/05/22 01:15:08] No se ha podido realizar la accion: select id,nombre from catalogo -> Table 'canis.catalogo' doesn't exist
[2010/05/22 01:15:09] No se ha podido realizar la accion: select id,nombre from catalogo -> Table 'canis.catalogo' doesn't exist
[2010/05/22 01:15:10] No se ha podido realizar la accion: select id,nombre from catalogo -> Table 'canis.catalogo' doesn't exist
[2010/05/22 01:15:10] No se ha podido realizar la accion: select id,nombre from catalogo -> Table 'canis.catalogo' doesn't exist
[2010/05/22 01:15:11] No se ha podido realizar la accion: select id,nombre from catalogo -> Table 'canis.catalogo' doesn't exist
[2010/05/22 01:16:22] No se ha podido realizar la accion: select id,nombre from catalog -> Unknown column 'nombre' in 'field list'
[2010/05/22 01:16:23] No se ha podido realizar la accion: select id,nombre from catalog -> Unknown column 'nombre' in 'field list'
[2010/05/22 01:20:47] The view "catalog" has not been defined bindings.xml
[2010/05/22 01:21:24] User role: admin. This role has no priviledges for this view catalog
[2010/05/22 01:26:36] The view "catalog_value" has not been defined bindings.xml
[2010/05/22 01:26:53] No se ha podido realizar la accion: select DISTINCT A.id,A.valor as nombreValor,C.name as nombreCatalogo from catalog_valor A, catalog_valor B, catalog C where (A.idDepende = B.id  and A.idCatalogo = C.id) or (A.idCatalogo = C.id) -> Table 'canis.catalog_valor' doesn't exist
[2010/05/22 01:28:40] The view "catalog_value" has not been defined bindings.xml
[2010/10/05 03:42:31] No se ha podido realizar la accion: SELECT u.status,u.id,u.locationId,u.password,r.name AS roleName FROM user u,role r WHERE (u.roleId = r.id) AND (u.email = "aalejo@gmail.com") -> Access denied for user 'SYSTEM'@'localhost' (using password: NO)
[2010/10/05 03:45:41] No se ha podido realizar la accion: SELECT u.status,u.id,u.locationId,u.password,r.name AS roleName FROM user u,role r WHERE (u.roleId = r.id) AND (u.email = "aalejo@gmail.com") -> Access denied for user 'SYSTEM'@'localhost' (using password: NO)
[2010/10/05 03:45:57] No se ha podido realizar la accion: SELECT u.status,u.id,u.locationId,u.password,r.name AS roleName FROM user u,role r WHERE (u.roleId = r.id) AND (u.email = "aalejo@gmail.com") -> Access denied for user 'SYSTEM'@'localhost' (using password: NO)
[2010/10/05 03:48:22] No se ha podido realizar la accion: Access denied for user 'SYSTEM'@'localhost' (using password: NO)
[2010/10/08 04:54:18] No se ha podido realizar la accion: SELECT u.status,u.id,u.locationId,u.password,r.name AS roleName FROM user u,role r WHERE (u.roleId = r.id) AND (u.email = "aalejo@gmail.com") -> Access denied for user 'SYSTEM'@'localhost' (using password: NO)
[2010/10/08 04:56:04] No se ha podido realizar la accion: SELECT u.status,u.id,u.locationId,u.password,r.name AS roleName FROM user u,role r WHERE (u.roleId = r.id) AND (u.email = "aalejo@gmail.com") -> Access denied for user 'SYSTEM'@'localhost' (using password: NO)
[2010/10/08 04:56:05] No se ha podido realizar la accion: SELECT u.status,u.id,u.locationId,u.password,r.name AS roleName FROM user u,role r WHERE (u.roleId = r.id) AND (u.email = "aalejo@gmail.com") -> Access denied for user 'SYSTEM'@'localhost' (using password: NO)
[2010/10/08 04:56:11] No se ha podido realizar la accion: SELECT u.status,u.id,u.locationId,u.password,r.name AS roleName FROM user u,role r WHERE (u.roleId = r.id) AND (u.email = "aalejo@gmail.com") -> Access denied for user 'SYSTEM'@'localhost' (using password: NO)
[2010/10/08 04:58:42] No se ha podido realizar la accion: SELECT u.status,u.id,u.locationId,u.password,r.name AS roleName FROM user u,role r WHERE (u.roleId = r.id) AND (u.email = "aalejo@gmail.com") -> Access denied for user 'SYSTEM'@'localhost' (using password: NO)
[2010/10/08 05:18:42] No se ha podido realizar la consulta a la BD:  -> 
[2010/10/08 05:19:10] No se ha podido realizar la consulta a la BD:  -> 
[2010/10/08 05:19:44] No se ha podido realizar la consulta a la BD: There is no open connection
[2010/10/08 05:20:05] There is no open connection
[2010/10/08 05:23:48] SQLSTATE[42S02]: Base table or view not found: 1146 Table 'canis.user' doesn't exist. Failing Query: "SELECT u.id AS u__id, u.email AS u__email, u.password AS u__password, u.locationid AS u__locationid, u.roleid AS u__roleid, u.status AS u__status, u.validation_code AS u__validation_code, u.facebook_id AS u__facebook_id FROM user u WHERE (u.email = 'aalejo@gmail.com')"
[2012/01/14 07:44:02] The view "registro" has not been defined bindings.xml
[2012/02/06 05:00:31] User role: invalid. This role has no priviledges for this view about
[2012/02/07 09:41:34] The view "singup" has not been defined bindings.xml
[2012/02/07 10:00:23] The view "singup" has not been defined bindings.xml
[2012/02/10 04:18:28] User role: invalid. This role has no priviledges for this view add-curso
[2012/02/10 04:19:09] Missing delegate 'cursoDelegate.delegate.php'
[2012/02/10 04:19:14] Missing delegate 'cursoDelegate.delegate.php'
[2012/02/10 06:11:59] The view "asesorias" has not been defined bindings.xml
[2012/02/10 06:12:33] User role: invalid. This role has no priviledges for this view asesorias
[2012/02/10 06:13:32] User role: invalid. This role has no priviledges for this view asesorias
[2012/02/10 06:13:55] User role: participante. This role has no priviledges for this view home
[2012/02/10 06:13:59] User role: participante. This role has no priviledges for this view home
[2012/02/10 06:15:44] User role: participante. This role has no priviledges for this view home
[2012/02/10 06:15:57] User role: participante. This role has no priviledges for this view about
[2012/02/10 06:15:59] User role: participante. This role has no priviledges for this view home
[2012/02/10 06:18:33] User role: invalid. This role has no priviledges for this view asesorias
[2012/02/10 06:23:14] User role: invalid. This role has no priviledges for this view asesorias
[2012/02/10 06:25:56] User role: invalid. This role has no priviledges for this view asesorias
[2012/02/10 06:27:39] User role: participante. This role has no priviledges for this view home
[2012/02/10 06:27:43] User role: participante. This role has no priviledges for this view home
[2012/02/10 06:27:49] User role: participante. This role has no priviledges for this view home
[2012/02/10 07:31:47] The view "list-cursos" has not been defined bindings.xml
[2012/02/10 11:00:13] User role: invalid. This role has no priviledges for this view list-participantes
[2012/02/12 04:27:33] The view "add-c" has not been defined bindings.xml
[2012/02/12 04:27:42] User role: invalid. This role has no priviledges for this view add-curso
[2012/02/12 04:27:46] The view "add-c" has not been defined bindings.xml
[2012/02/13 04:53:24] The view "list-p" has not been defined bindings.xml
[2012/02/13 06:42:04] The view "descargas" has not been defined bindings.xml
[2012/02/14 02:50:59] The view "Cursos" has not been defined bindings.xml
[2012/02/14 04:35:40] The view "pagos" has not been defined bindings.xml
[2012/02/15 03:03:56] The view "gestionarCursos" has not been defined bindings.xml
[2012/02/17 06:12:30] User role: invalid. This role has no priviledges for this view add-aula
[2012/02/17 06:15:57] User role: participante. This role has no priviledges for this view list-participantes
[2012/02/20 02:46:29] The view "gestionarPagos" has not been defined bindings.xml
[2012/02/22 03:26:23] The view "programacion" has not been defined bindings.xml
[2012/02/22 03:27:15] User role: invalid. This role has no priviledges for this view add-programacion
[2012/02/22 03:27:36] The view "programacion" has not been defined bindings.xml
[2012/02/22 03:27:44] User role: invalid. This role has no priviledges for this view add-programacion
[2012/02/22 02:39:00] SQLSTATE[42S02]: Base table or view not found: 1146 Table 'sicape.user' doesn't exist. Failing Query: "SELECT u.id AS u__id, u.email AS u__email, u.password AS u__password, u.location_id AS u__location_id, u.role_id AS u__role_id, u.status AS u__status, u.validation_code AS u__validation_code FROM user u WHERE (u.email = 'gaby@gmail.com')"
[2012/02/22 02:48:08] The view "a href=" has not been defined bindings.xml
[2012/02/22 05:08:58] The view "generarConstIns" has not been defined bindings.xml
[2012/02/22 05:09:05] The view "procesarInscripcion" has not been defined bindings.xml
[2012/02/22 05:09:05] The view "procesarInscripcion" has not been defined bindings.xml
[2012/02/22 06:01:03] The view "procesarInscripcion" has not been defined bindings.xml
[2012/02/22 06:08:37] The view "procesarInscripcion" has not been defined bindings.xml
[2012/02/23 12:26:12] The view "procesarInscripcion" has not been defined bindings.xml
[2012/02/23 12:57:26] The view "generarConstIns" has not been defined bindings.xml
[2012/02/24 11:06:55] User role: invalid. This role has no priviledges for this view gestionarCursos
[2012/02/25 01:10:25] The view "cuenta" has not been defined bindings.xml
[2012/02/25 01:11:20] User role: participante. This role has no priviledges for this view cuenta
[2012/02/25 01:19:57] The view "gestionarPagos" has not been defined bindings.xml
[2012/02/25 01:56:55] User role: participante. This role has no priviledges for this view gestionarCursos
[2012/02/25 03:12:53] The view "administrator" has not been defined bindings.xml
[2012/02/25 03:13:12] The view "administrator" has not been defined bindings.xml
[2012/02/25 03:13:36] User role: invalid. This role has no priviledges for this view administrator
[2012/02/25 03:37:48] The view "configurar2" has not been defined bindings.xml
[2012/02/25 03:54:21] The view "configurar2" has not been defined bindings.xml
[2012/02/25 03:57:02] The view "configurar2" has not been defined bindings.xml
[2012/02/25 04:03:29] The view "gestionarPersonal" has not been defined bindings.xml
[2012/02/25 04:07:40] The view "gestionarPersonal" has not been defined bindings.xml
[2012/02/25 04:18:26] The view "participantes" has not been defined bindings.xml
[2012/02/25 04:23:49] The view "gestionarInst" has not been defined bindings.xml
[2012/02/25 05:28:59] There is no method 'getUniversidades' in delegate instructorDelegate. This method was defined in bindings.xml
[2012/02/25 05:31:47] There is no method 'getUniversidades' in delegate instructorDelegate. This method was defined in bindings.xml
[2012/02/25 05:31:54] There is no method 'getUniversidades' in delegate instructorDelegate. This method was defined in bindings.xml
[2012/02/25 06:51:41] The view "gestionarCoord" has not been defined bindings.xml
[2012/02/25 07:02:49] The view "gestionarParticipante" has not been defined bindings.xml
[2012/02/25 07:16:27] The view "gestionarParticipante" has not been defined bindings.xml
[2012/02/25 07:16:54] The view "gestionarParticipante" has not been defined bindings.xml
[2012/02/25 07:20:08] The view "add-participante" has not been defined bindings.xml
[2012/02/25 07:23:27] The view "add-participante" has not been defined bindings.xml
[2012/02/25 07:25:51] User role: admin. This role has no priviledges for this view add-participante
[2012/02/25 07:49:52] User role: admin. This role has no priviledges for this view add-participant
[2012/02/25 07:50:21] The view "add-participante" has not been defined bindings.xml
[2012/02/25 07:50:34] The view "add-participante" has not been defined bindings.xml
[2012/02/25 07:50:49] The view "add-participante" has not been defined bindings.xml
[2012/02/25 07:50:58] The view "add-participante" has not been defined bindings.xml
[2012/02/25 08:00:53] The view "gestionarCurso" has not been defined bindings.xml
[2012/02/25 08:01:19] The view "gestionarCurso" has not been defined bindings.xml
[2012/02/25 08:05:59] The view "gestionarCurso" has not been defined bindings.xml
[2012/02/25 08:06:05] The view "gestionarCurso" has not been defined bindings.xml
[2012/02/25 08:06:35] There is no method 'getCursos' in delegate adminDelegate. This method was defined in bindings.xml
[2012/02/25 08:22:14] The view "gestionarCurso" has not been defined bindings.xml
[2012/02/25 08:23:17] The view "gestionarCurso" has not been defined bindings.xml
[2012/02/25 08:29:30] User role: admin. This role has no priviledges for this view gestionarCurso
[2012/02/25 08:30:51] User role: admin. This role has no priviledges for this view gestionarCurso
[2012/02/25 08:32:38] The view "ProcesarCurso" has not been defined bindings.xml
[2012/02/25 08:35:02] The view "ProcesarCurso" has not been defined bindings.xml
[2012/02/25 08:35:26] The view "ProcesarCurso" has not been defined bindings.xml
[2012/02/25 08:35:55] The view "ProcesarCurso" has not been defined bindings.xml
[2012/02/25 06:05:46] The view "detalle-instructor" has not been defined bindings.xml
[2012/02/27 04:16:24] The view "update-participante" has not been defined bindings.xml
[2012/02/27 04:17:25] The view "update-participante" has not been defined bindings.xml
[2012/02/27 04:21:33] There is no method 'getUpdateParticipante' in delegate adminDelegate. This method was defined in bindings.xml
[2012/02/27 04:22:43] There is no method 'getUpdateParticipante' in delegate adminDelegate. This method was defined in bindings.xml
[2012/02/27 04:32:09] The view "update-participante" has not been defined bindings.xml
[2012/02/27 04:51:15] The view "detalle-participante" has not been defined bindings.xml
[2012/02/27 06:31:37] The view "gestionarCertificado" has not been defined bindings.xml
[2012/02/27 06:31:44] The view "participantes" has not been defined bindings.xml
[2012/02/27 06:39:13] The view "gestionarCertificado" has not been defined bindings.xml
[2012/02/27 06:55:58] There is no method 'getCertificados' in delegate adminDelegate. This method was defined in bindings.xml
[2012/02/27 06:58:30] There is no method 'getUpdateCertificado' in delegate adminDelegate. This method was defined in bindings.xml
[2012/02/27 08:50:21] The view "participantes" has not been defined bindings.xml
[2012/02/27 09:13:29] The view "add-instructor" has not been defined bindings.xml
[2012/02/27 09:13:30] The view "add-instructor" has not been defined bindings.xml
[2012/02/27 09:30:35] The view "add-instructor" has not been defined bindings.xml
[2012/02/27 09:33:11] The view "add-instructor" has not been defined bindings.xml
[2012/02/27 09:36:27] The view "add-instructor" has not been defined bindings.xml
[2012/02/27 09:41:11] The view "add-instructor" has not been defined bindings.xml
[2012/02/27 10:01:01] The view "add-instructor" has not been defined bindings.xml
[2012/02/27 10:02:19] The view "add-instructor" has not been defined bindings.xml
[2012/02/27 10:12:59] The view "participantes" has not been defined bindings.xml
[2012/02/27 10:12:59] The view "participantes" has not been defined bindings.xml
[2012/02/27 10:13:38] The view "participantes" has not been defined bindings.xml
[2012/02/27 10:31:49] The view "certificados1" has not been defined bindings.xml
[2012/02/27 10:31:58] The view "add-pago" has not been defined bindings.xml
[2012/02/27 10:39:44] The view "participantes" has not been defined bindings.xml
[2012/02/27 11:22:57] The view "update-instructor" has not been defined bindings.xml
[2012/02/28 12:36:49] The view "detalle-participante" has not been defined bindings.xml
[2012/02/28 12:40:08] User role: admin. This role has no priviledges for this view delete-participante
[2012/02/28 12:46:33] The view "detalle-participante" has not been defined bindings.xml
[2012/02/28 12:50:11] The view "" has not been defined bindings.xml
[2012/02/28 12:50:45] The view "view=gestionarParticipante" has not been defined bindings.xml
[2012/02/28 01:08:27] The view "detalle-participante" has not been defined bindings.xml
[2012/02/28 01:35:50] The view "procesarInscripcion" has not been defined bindings.xml
[2012/02/28 01:37:07] The view "procesarInscripcion" has not been defined bindings.xml
[2012/02/28 01:37:08] The view "procesarInscripcion" has not been defined bindings.xml
[2012/02/28 01:38:25] The view "reservar-cupo" has not been defined bindings.xml
[2012/02/28 01:42:47] There is no method 'getUpdateCurso' in delegate cursoDelegate. This method was defined in bindings.xml
[2012/02/28 02:07:30] The view "reservarCupo" has not been defined bindings.xml
[2012/02/28 02:30:27] The view "gestionarPagos" has not been defined bindings.xml
[2012/02/28 02:30:34] User role: participante. This role has no priviledges for this view gestionarCursos
[2012/02/28 02:30:57] User role: participante. This role has no priviledges for this view gestionarCursos
[2012/02/28 02:31:00] User role: participante. This role has no priviledges for this view gestionarCursos
[2012/02/28 02:31:14] The view "gestionarPagos" has not been defined bindings.xml
[2012/02/28 02:31:18] User role: participante. This role has no priviledges for this view gestionarCursos
[2012/02/28 02:32:21] User role: participante. This role has no priviledges for this view procesarCurso
[2012/02/29 04:43:50] The view "update-instructor" has not been defined bindings.xml
[2012/02/29 04:43:58] The view "detalle-instructor" has not been defined bindings.xml
[2012/02/29 05:34:34] The view "detalle-instructor" has not been defined bindings.xml
[2012/02/29 05:54:30] There is no method 'getEmpresas' in delegate instructorDelegate. This method was defined in bindings.xml
[2012/02/29 06:03:01] The view "gestionarPagos" has not been defined bindings.xml
[2012/02/29 07:42:14] Method not found: newUser in class instructorDelegate
[2012/02/29 08:57:02] Method not found: newUser in class instructorDelegate
[2012/02/29 09:18:50] Method not found: newUser in class instructorDelegate
[2012/02/29 09:20:17] Method not found: newUser in class instructorDelegate
[2012/02/29 10:15:44] The view "participantes" has not been defined bindings.xml
[2012/02/29 10:27:27] The view "participantes" has not been defined bindings.xml
[2012/02/29 10:30:42] The view "list-participante" has not been defined bindings.xml
[2012/02/29 10:46:01] The view "procesarInscripcion" has not been defined bindings.xml
[2012/02/29 10:46:37] The view "procesarInscripcion" has not been defined bindings.xml
[2012/02/29 10:46:45] The view "procesarInscripcion" has not been defined bindings.xml
[2012/02/29 11:07:04] The view "procesarInscripcion" has not been defined bindings.xml
[2012/02/29 11:08:26] The view "procesarInscripcion" has not been defined bindings.xml
[2012/02/29 11:08:33] The view "procesarInscripcion" has not been defined bindings.xml
[2012/02/29 11:12:49] The view "procesarInscripcion" has not been defined bindings.xml
[2012/02/29 11:19:12] The view "procesarInscripcion" has not been defined bindings.xml
[2012/02/29 11:27:11] There is no method 'getUpdateCurso' in delegate cursoDelegate. This method was defined in bindings.xml
[2012/02/29 11:27:29] The view "inscribir-curso" has not been defined bindings.xml
[2012/02/29 11:27:40] The view "generarConstIns" has not been defined bindings.xml
[2012/02/29 11:27:46] The view "reporteCurso" has not been defined bindings.xml
[2012/02/29 11:42:22] There is no method 'getUpdateCurso' in delegate cursoDelegate. This method was defined in bindings.xml
[2012/02/29 11:42:30] There is no method 'getUpdateCurso' in delegate cursoDelegate. This method was defined in bindings.xml
[2012/02/29 11:44:05] The view "reservar-cupo" has not been defined bindings.xml
[2012/02/29 11:45:58] The view "reservar-cupo" has not been defined bindings.xml
[2012/02/29 11:46:03] The view "procesar-inscripcion" has not been defined bindings.xml
[2012/02/29 11:46:05] The view "gestionarCursos3" has not been defined bindings.xml
[2012/02/29 11:46:07] The view "procesar-inscripcion" has not been defined bindings.xml
[2012/02/29 11:46:09] The view "gestionarCursos3" has not been defined bindings.xml
[2012/02/29 11:46:26] The view "gestionarCursos3" has not been defined bindings.xml
[2012/02/29 11:47:05] The view "gestionarCursos3" has not been defined bindings.xml
[2012/02/29 11:48:47] The view "gestionarCursos3" has not been defined bindings.xml
[2012/03/01 12:22:16] The view "login" has not been defined bindings.xml
[2012/03/01 12:22:46] The view "login" has not been defined bindings.xml
[2012/03/01 12:23:13] The view "login" has not been defined bindings.xml
[2012/03/01 12:25:22] The view "gestionarCursos3" has not been defined bindings.xml
[2012/03/01 12:27:26] The view "gestionarCursos3" has not been defined bindings.xml
[2012/03/01 12:29:37] The view "gestionarCursos3" has not been defined bindings.xml
[2012/03/01 12:33:50] The view "gestionarCursos3" has not been defined bindings.xml
[2012/03/01 01:10:35] The view "gestionarPersonal" has not been defined bindings.xml
[2012/03/01 01:11:06] The view "gestionarPersonal" has not been defined bindings.xml
[2012/03/01 01:13:16] The view "gestionarPersonal" has not been defined bindings.xml
[2012/03/01 03:22:37] The view "gestionarPersonal" has not been defined bindings.xml
[2012/03/01 02:31:47] User role: admin. This role has no priviledges for this view list-participante
[2012/03/01 02:33:09] User role: admin. This role has no priviledges for this view list-participante
[2012/03/01 02:33:17] User role: admin. This role has no priviledges for this view list-participante
[2012/03/01 02:35:20] User role: admin. This role has no priviledges for this view list-participante
[2012/03/01 03:26:31] User role: admin. This role has no priviledges for this view generarConstIns
[2012/03/01 03:30:07] User role: admin. This role has no priviledges for this view generarConstIns
[2012/03/01 03:49:53] The view "gestionarCertificado" has not been defined bindings.xml
[2012/03/01 03:51:16] The view "gestionarCertificado" has not been defined bindings.xml
[2012/03/01 03:52:10] The view "gestionarCertificado" has not been defined bindings.xml
[2012/03/01 04:10:31] The view "gestionarCertificado" has not been defined bindings.xml
[2012/03/01 04:26:34] The view "gestionarCertificado" has not been defined bindings.xml
[2012/03/01 04:37:13] The view "gestionarCertificado" has not been defined bindings.xml
[2012/03/01 04:47:30] The view "gestionarCertificado" has not been defined bindings.xml
[2012/03/01 04:49:33] The view "gestionarCertificado" has not been defined bindings.xml
[2012/03/01 05:05:48] The view "gestionarCertificado" has not been defined bindings.xml
[2012/03/01 08:07:25] The view "certificados1" has not been defined bindings.xml
[2012/03/02 03:26:39] The view "gestionarCertificado" has not been defined bindings.xml
[2012/03/02 03:37:36] The view "reporteCurso" has not been defined bindings.xml
[2012/03/02 03:39:36] The view "reporteCurso" has not been defined bindings.xml
[2012/03/02 03:49:39] The view "certificados1" has not been defined bindings.xml
[2012/03/02 03:49:51] The view "certificados1" has not been defined bindings.xml
[2012/03/02 04:05:28] The view "certificados1" has not been defined bindings.xml
[2012/03/02 04:13:57] The view "certificados1" has not been defined bindings.xml
[2012/03/02 04:14:27] The view "list-certificado" has not been defined bindings.xml
[2012/03/02 04:15:11] The view "list-certificado" has not been defined bindings.xml
[2012/03/02 04:16:35] The view "list-certificado" has not been defined bindings.xml
[2012/03/02 04:16:42] The view "list-certificado" has not been defined bindings.xml
[2012/03/02 04:18:34] The view "list-certificado" has not been defined bindings.xml
[2012/03/02 04:18:45] The view "list-certificado" has not been defined bindings.xml
[2012/03/02 04:19:28] The view "list-certificado" has not been defined bindings.xml
[2012/03/02 04:19:34] The view "list-certificado" has not been defined bindings.xml
[2012/03/02 05:27:18] The view "list-certificado" has not been defined bindings.xml
[2012/03/02 05:27:26] The view "list-certificado" has not been defined bindings.xml
[2012/03/02 05:28:52] The view "gestionarPagos3" has not been defined bindings.xml
[2012/03/02 05:29:47] The view "gestionarPagos3" has not been defined bindings.xml
[2012/03/02 05:35:56] The view "gestionarPagos3" has not been defined bindings.xml
[2012/03/02 05:38:47] The view "gestionarPagos3" has not been defined bindings.xml
[2012/03/02 05:39:36] The view "gestionarPagos3" has not been defined bindings.xml
[2012/03/02 05:44:22] The view "gestionarPagos3" has not been defined bindings.xml
[2012/03/06 07:49:48] The view "gestionarCertificado" has not been defined bindings.xml
[2012/03/06 07:50:18] The view "gestionarCertificado" has not been defined bindings.xml
[2012/03/06 07:51:50] User role: invalid. This role has no priviledges for this view gestionarCertificado
[2012/03/06 09:32:21] The view "gestionarCertificado" has not been defined bindings.xml
[2012/03/07 01:25:48] There is no rol participante.
[2012/03/07 01:26:48] There is no rol participante.
[2012/03/07 01:26:53] There is no rol participante.
[2012/03/07 01:26:57] There is no rol participante.
[2012/03/07 01:29:08] There is no rol participante.
[2012/03/07 01:29:54] There is no rol participante.
[2012/03/07 01:32:51] There is no rol participante.
<<<<<<< HEAD
[2012/03/07 01:36:36] There is no rol participante.
[2012/03/07 01:37:41] There is no rol participante.
=======
[2012/03/07 01:36:41] There is no rol participante.
[2012/03/07 01:37:54] There is no rol participante.
[2012/03/07 01:42:44] The view "gestionarCertificado" has not been defined bindings.xml
[2012/03/07 01:42:54] The view "gestionarCertificado" has not been defined bindings.xml
[2012/03/07 03:58:08] The view "gestionarInst" has not been defined bindings.xml
[2012/03/07 04:03:36] There is no method 'getPersonal' in delegate adminDelegate. This method was defined in bindings.xml
[2012/03/07 04:04:22] There is no method 'getPersonal' in delegate adminDelegate. This method was defined in bindings.xml
[2012/03/07 04:04:26] There is no method 'getPersonal' in delegate adminDelegate. This method was defined in bindings.xml
[2012/03/07 04:05:17] There is no method 'getPersonal' in delegate adminDelegate. This method was defined in bindings.xml
[2012/03/07 04:05:19] There is no method 'getPersonal' in delegate adminDelegate. This method was defined in bindings.xml
[2012/03/07 04:05:24] There is no method 'getPersonal' in delegate adminDelegate. This method was defined in bindings.xml
[2012/03/07 04:11:29] The view "add-instructor" has not been defined bindings.xml
[2012/03/07 05:00:23] The view "add-personal" has not been defined bindings.xml
[2012/03/07 05:00:30] The view "add-Coordinador" has not been defined bindings.xml
<<<<<<< HEAD
>>>>>>> 236b08e640794e150182b8b8b971e5f33fbce2fc
=======
[2012/03/11 09:27:53] There is no method 'getPersonal' in delegate cursoDelegate. This method was defined in bindings.xml
[2012/03/11 09:28:46] There is no method 'getContenidos' in delegate cursoDelegate. This method was defined in bindings.xml
[2012/03/11 09:43:37] There is no method 'getContenidos' in delegate cursoDelegate. This method was defined in bindings.xml
[2012/03/11 09:43:42] There is no method 'getContenidos' in delegate cursoDelegate. This method was defined in bindings.xml
[2012/03/11 11:58:59] The view "cronograma" has not been defined bindings.xml
[2012/03/12 12:01:48] The view "cronograma" has not been defined bindings.xml
>>>>>>> 4ba2568a23c893b7247fc641803a86b746c4a5e2
[2012/03/12 12:34:45] The view "listinstructor" has not been defined bindings.xml
