[2010/03/05 05:11:05] La variable emails no se ha definido.
[2010/03/07 01:30:15] La variable idparticipant no se ha definido.
[2010/03/07 01:30:21] La variable id no se ha definido.
[2010/03/07 01:30:21] La variable id_user no se ha definido.
[2010/03/07 01:30:25] La variable idparticipant no se ha definido.
[2010/04/25 02:45:43] The user "aalejo@gmail.com" already exists.
[2010/04/25 02:46:33] The user "aalejo@gmail.com" already exists.
[2010/04/25 02:49:34] The user "aalejo@gmail.com" already exists.
[2010/04/25 02:50:20] The user "aalejo@gmail.com" already exists.
[2010/04/25 02:50:32] The user "aalejo@gmail.com" already exists.
[2010/04/25 02:56:17] The user "aalejo@gmail.com" already exists.
[2010/04/25 02:57:13] The user "aalejo@gmail.com" already exists.
[2010/04/25 03:01:26] No se realizo el cambio de contraseña
[2010/04/25 03:02:11] No se realizo el cambio de contraseña
[2010/04/25 03:02:38] No se realizo el cambio de contraseña
[2010/04/25 03:04:31] No se realizo el cambio de contraseña
[2010/04/25 03:04:43] No se realizo el cambio de contraseña
[2012/02/07 09:40:56] La variable emails no se ha definido.
[2012/02/10 11:36:24] The user "gaby@gmail.com" already exists.
[2012/02/10 11:52:20] La variable cedula no se ha definido.
[2012/02/21 03:36:09] La variable idcurso no se ha definido.
[2012/02/22 12:21:50] La variable telefono no se ha definido.
[2012/02/22 12:21:55] La variable telefono no se ha definido.
[2012/02/22 12:22:02] La variable telefono no se ha definido.
[2012/02/22 12:22:09] La variable telefono no se ha definido.
[2012/02/22 12:28:31] The user "kfjkdka@gmail.com" already exists.
[2012/02/22 12:28:39] The user "kfjkdka@gmail.com" already exists.
[2012/02/22 12:28:50] The user "kfjkdka@gmail.com" already exists.
[2012/02/22 12:28:53] The user "kfjkdka@gmail.com" already exists.
[2012/02/22 12:29:07] The user "kfjkdka@gmail.com" already exists.
[2012/02/22 12:29:16] The user "kfjkdka@gmail.com" already exists.
[2012/02/22 12:29:25] The user "kfjkdka@gmail.com" already exists.
[2012/02/22 12:29:33] The user "kfjkdka@gmail.com" already exists.
[2012/02/22 12:29:43] The user "kfjkdka@gmail.com" already exists.
[2012/02/22 12:30:00] The user "kfjkdka@gmail.com" already exists.
[2012/02/22 12:59:27] The user "dffgg@hotmail.com" already exists.
[2012/02/22 01:04:25] The user "gaby1@gmail.com" already exists.
[2012/02/24 09:23:56] La variable profesion no se ha definido.
[2012/02/24 09:23:56] La variable empresa no se ha definido.
[2012/02/24 09:24:06] La variable profesion no se ha definido.
[2012/02/24 09:24:06] La variable empresa no se ha definido.
[2012/02/24 09:24:35] La variable profesion no se ha definido.
[2012/02/24 09:24:35] La variable empresa no se ha definido.
[2012/02/24 09:24:42] La variable profesion no se ha definido.
[2012/02/24 09:24:42] La variable empresa no se ha definido.
[2012/02/24 09:24:51] La variable profesion no se ha definido.
[2012/02/24 09:24:51] La variable empresa no se ha definido.
[2012/02/24 09:26:01] La variable profesion no se ha definido.
[2012/02/24 09:26:01] La variable empresa no se ha definido.
[2012/02/24 09:28:27] La variable profesion no se ha definido.
[2012/02/24 09:28:27] La variable empresa no se ha definido.
[2012/02/24 10:23:24] La variable profesion no se ha definido.
[2012/02/24 10:23:24] La variable empresa no se ha definido.
[2012/02/24 10:23:36] La variable profesion no se ha definido.
[2012/02/24 10:23:36] La variable empresa no se ha definido.
[2012/02/24 10:27:38] La variable profesion no se ha definido.
[2012/02/24 10:27:38] La variable empresa no se ha definido.
[2012/02/24 10:27:52] La variable profesion no se ha definido.
[2012/02/24 10:27:52] La variable empresa no se ha definido.
[2012/02/24 10:28:37] La variable profesion no se ha definido.
[2012/02/24 10:28:37] La variable empresa no se ha definido.
[2012/02/24 10:28:45] La variable profesion no se ha definido.
[2012/02/24 10:28:45] La variable empresa no se ha definido.
[2012/02/25 01:39:54] La variable user no se ha definido.
[2012/02/25 01:39:54] La variable password no se ha definido.
[2012/02/25 01:41:03] La variable user no se ha definido.
[2012/02/25 01:41:03] La variable password no se ha definido.
[2012/02/25 03:34:12] La variable profesion no se ha definido.
[2012/02/25 03:34:12] La variable empresa no se ha definido.
[2012/02/25 03:34:58] La variable empresa no se ha definido.
[2012/02/25 03:35:03] La variable empresa no se ha definido.
[2012/02/25 05:38:39] La variable egresado_universidad no se ha definido.
[2012/02/25 05:38:39] La variable universidad_iduniversidad no se ha definido.
[2012/02/25 05:41:49] La variable egresado_universidad no se ha definido.
[2012/02/25 05:41:49] La variable universidad_iduniversidad no se ha definido.
[2012/02/25 05:49:08] La variable egresado_universidad no se ha definido.
[2012/02/25 05:49:37] La variable universidad_iduniversidad no se ha definido.
[2012/02/25 06:05:56] La variable universidad_iduniversidad no se ha definido.
[2012/02/25 06:08:21] La variable universidad_iduniversidad no se ha definido.
[2012/02/25 06:09:26] La variable universidad_iduniversidad no se ha definido.
[2012/02/25 06:30:19] La variable idinstructor no se ha definido.
[2012/02/25 06:30:31] La variable idinstructor no se ha definido.
[2012/02/25 06:42:19] La variable idinstructor no se ha definido.
[2012/02/27 03:39:01] La variable idcurso no se ha definido.
[2012/02/27 03:40:09] La variable requisitos no se ha definido.
[2012/02/27 03:40:09] La variable idprogramacion no se ha definido.
[2012/02/27 03:41:16] La variable requisitos no se ha definido.
[2012/02/27 03:41:16] La variable idprogramacion no se ha definido.
[2012/02/27 03:42:14] La variable contenido no se ha definido.
[2012/02/27 03:42:14] La variable requisitos no se ha definido.
[2012/02/27 03:42:14] La variable cupos no se ha definido.
[2012/02/27 03:42:14] La variable idprogramacion no se ha definido.
[2012/02/27 04:05:02] La variable id no se ha definido.
[2012/02/27 04:06:02] La variable id no se ha definido.
[2012/02/27 04:06:59] La variable id no se ha definido.
[2012/02/27 07:06:24] La variable id no se ha definido.
[2012/02/27 09:12:34] La variable id no se ha definido.
[2012/02/27 09:12:57] La variable id no se ha definido.
[2012/02/27 10:11:36] La variable id no se ha definido.
[2012/02/27 10:12:13] La variable id no se ha definido.
[2012/02/27 11:23:08] La variable id no se ha definido.
[2012/02/27 11:26:07] La variable id no se ha definido.
[2012/02/28 01:37:25] La variable id no se ha definido.
[2012/02/28 01:38:22] La variable id no se ha definido.
[2012/02/28 01:39:15] La variable id no se ha definido.
[2012/02/28 01:42:49] La variable id no se ha definido.
[2012/02/28 02:06:11] La variable id no se ha definido.
[2012/02/28 02:06:30] La variable id no se ha definido.
[2012/02/28 02:10:58] La variable id no se ha definido.
[2012/02/29 03:58:37] La variable profesion no se ha definido.
[2012/02/29 03:58:37] La variable empresa no se ha definido.
[2012/02/29 03:58:41] La variable profesion no se ha definido.
[2012/02/29 03:58:41] La variable empresa no se ha definido.
[2012/02/29 03:58:54] The user "cdpm@hotmail.com" already exists.
[2012/02/29 03:59:13] The user "cdpm@hotmail.com" already exists.
[2012/02/29 03:59:29] The user "cdpm@hotmail.com" already exists.
[2012/02/29 03:59:30] The user "cdpm@hotmail.com" already exists.
[2012/02/29 04:00:45] La variable profesion no se ha definido.
[2012/02/29 04:00:45] La variable empresa no se ha definido.
[2012/02/29 04:00:45] The user "cdpm@hotmail.com" already exists.
[2012/02/29 04:00:47] La variable profesion no se ha definido.
[2012/02/29 04:00:47] La variable empresa no se ha definido.
[2012/02/29 04:00:47] The user "cdpm@hotmail.com" already exists.
[2012/02/29 04:00:55] The user "cdpm@hotmail.com" already exists.
[2012/02/29 04:00:58] The user "cdpm@hotmail.com" already exists.
[2012/02/29 05:54:30] La variable idinstructor no se ha definido.
[2012/02/29 05:56:13] La variable idinstructor no se ha definido.
[2012/02/29 05:56:29] La variable idinstructor no se ha definido.
[2012/02/29 07:29:54] La variable fecha_grado no se ha definido.
[2012/02/29 07:30:08] La variable fecha_grado no se ha definido.
[2012/02/29 07:34:03] La variable email no se ha definido.
[2012/02/29 07:34:03] La variable ocupacion no se ha definido.
[2012/02/29 07:34:03] La variable empresa no se ha definido.
[2012/02/29 07:34:03] La variable password no se ha definido.
[2012/02/29 07:36:31] La variable ocupacion no se ha definido.
[2012/02/29 07:36:31] La variable empresa no se ha definido.
[2012/02/29 07:36:31] The user "caperez@gmail.com" already exists.
[2012/02/29 08:07:20] La variable ocupacion no se ha definido.
[2012/02/29 08:07:20] La variable empresa no se ha definido.
[2012/02/29 08:07:20] The user "caperez@gmail.com" already exists.
[2012/02/29 08:42:33] La variable email no se ha definido.
[2012/02/29 08:42:33] La variable ocupacion no se ha definido.
[2012/02/29 08:42:33] La variable empresa no se ha definido.
[2012/02/29 08:42:33] La variable password no se ha definido.
[2012/02/29 08:44:07] La variable email no se ha definido.
[2012/02/29 08:44:07] La variable ocupacion no se ha definido.
[2012/02/29 08:44:07] La variable empresa no se ha definido.
[2012/02/29 08:44:07] La variable password no se ha definido.
[2012/02/29 08:50:55] La variable ocupacion no se ha definido.
[2012/02/29 08:50:55] La variable empresa no se ha definido.
[2012/02/29 08:54:52] La variable ocupacion no se ha definido.
[2012/02/29 08:54:52] La variable empresa no se ha definido.
[2012/02/29 08:54:58] La variable ocupacion no se ha definido.
[2012/02/29 08:54:58] La variable empresa no se ha definido.
[2012/02/29 09:22:22] La variable email no se ha definido.
[2012/02/29 09:22:22] La variable fecha_nac no se ha definido.
[2012/02/29 09:22:22] La variable fecha_grado no se ha definido.
[2012/02/29 09:22:22] La variable profesion no se ha definido.
[2012/02/29 09:22:22] La variable horas_semanas no se ha definido.
[2012/02/29 09:22:22] La variable sueldo no se ha definido.
[2012/02/29 09:22:22] La variable telefono no se ha definido.
[2012/02/29 09:22:22] La variable direccion no se ha definido.
[2012/02/29 09:22:22] La variable sexo no se ha definido.
[2012/02/29 09:22:22] La variable universidad no se ha definido.
[2012/02/29 09:22:22] La variable password no se ha definido.
[2012/02/29 09:24:26] La variable email no se ha definido.
[2012/02/29 09:24:26] La variable fecha_grado no se ha definido.
[2012/02/29 09:24:26] La variable profesion no se ha definido.
[2012/02/29 09:24:26] La variable horas_semanas no se ha definido.
[2012/02/29 09:24:26] La variable sueldo no se ha definido.
[2012/02/29 09:24:26] La variable telefono no se ha definido.
[2012/02/29 09:24:26] La variable direccion no se ha definido.
[2012/02/29 09:24:26] La variable sexo no se ha definido.
[2012/02/29 09:24:26] La variable universidad no se ha definido.
[2012/02/29 09:24:26] La variable password no se ha definido.
[2012/02/29 09:32:52] La variable profesion no se ha definido.
[2012/02/29 09:32:52] La variable empresa no se ha definido.
[2012/02/29 09:33:31] The user "pedrom@gmail.com" already exists.
[2012/02/29 09:37:22] The user "daniela@gmail.com" already exists.
[2012/02/29 10:31:56] La variable email no se ha definido.
[2012/02/29 10:31:56] La variable nombre no se ha definido.
[2012/02/29 10:31:56] La variable apellido no se ha definido.
[2012/02/29 10:31:56] La variable fecha_nac no se ha definido.
[2012/02/29 10:31:56] La variable ocupacion no se ha definido.
[2012/02/29 10:31:56] La variable telefono no se ha definido.
[2012/02/29 10:31:56] La variable sexo no se ha definido.
[2012/02/29 10:31:56] La variable universidad no se ha definido.
[2012/02/29 10:31:56] La variable profesion no se ha definido.
[2012/02/29 10:31:56] La variable empresa no se ha definido.
[2012/02/29 10:31:56] La variable password no se ha definido.
[2012/02/29 10:44:47] La variable email no se ha definido.
[2012/02/29 10:44:47] La variable nombre no se ha definido.
[2012/02/29 10:44:47] La variable apellido no se ha definido.
[2012/02/29 10:44:47] La variable fecha_nac no se ha definido.
[2012/02/29 10:44:47] La variable ocupacion no se ha definido.
[2012/02/29 10:44:47] La variable telefono no se ha definido.
[2012/02/29 10:44:47] La variable sexo no se ha definido.
[2012/02/29 10:44:47] La variable universidad no se ha definido.
[2012/02/29 10:44:47] La variable profesion no se ha definido.
[2012/02/29 10:44:47] La variable empresa no se ha definido.
[2012/02/29 10:44:47] La variable password no se ha definido.
[2012/02/29 11:27:07] La variable id no se ha definido.
[2012/02/29 11:27:26] La variable id no se ha definido.
[2012/02/29 11:27:33] La variable id no se ha definido.
[2012/02/29 11:41:42] La variable id no se ha definido.
[2012/02/29 11:42:26] La variable id no se ha definido.
[2012/03/01 12:34:29] La variable id no se ha definido.
[2012/03/01 03:24:11] La variable id no se ha definido.
[2012/03/01 03:27:41] La variable id no se ha definido.
[2012/03/01 03:32:26] La variable id no se ha definido.
[2012/03/01 03:50:08] La variable id no se ha definido.
[2012/03/01 03:50:16] La variable id no se ha definido.
[2012/03/01 02:41:02] La variable id no se ha definido.
[2012/03/01 02:44:14] La variable id no se ha definido.
[2012/03/01 02:44:44] La variable id no se ha definido.
[2012/03/01 03:02:03] La variable id no se ha definido.
[2012/03/01 03:13:28] La variable id no se ha definido.
[2012/03/01 03:21:46] La variable id no se ha definido.
[2012/03/01 03:23:11] La variable id no se ha definido.
[2012/03/01 08:07:50] La variable id no se ha definido.
[2012/03/01 08:07:53] La variable id no se ha definido.
[2012/03/02 03:26:49] La variable id no se ha definido.
[2012/03/02 03:34:11] La variable id no se ha definido.
[2012/03/07 01:10:31] La variable profesion no se ha definido.
[2012/03/07 01:10:31] La variable empresa no se ha definido.
[2012/03/07 04:05:21] La variable idpersonal no se ha definido.
[2012/03/07 04:16:39] La variable idpersonal no se ha definido.
[2012/03/07 04:23:58] La variable idpersonal no se ha definido.
[2012/03/07 04:24:08] La variable idpersonal no se ha definido.
[2012/03/07 04:27:43] La variable idpersonal no se ha definido.
[2012/03/07 04:29:02] La variable idpersonal no se ha definido.
[2012/03/07 04:41:41] La variable idpersonal no se ha definido.
[2012/03/07 05:36:53] La variable profesion no se ha definido.
[2012/03/07 05:36:53] La variable empresa no se ha definido.
[2012/03/07 05:37:05] La variable profesion no se ha definido.
[2012/03/07 05:37:05] La variable empresa no se ha definido.
[2012/03/07 05:37:12] La variable profesion no se ha definido.
[2012/03/07 05:37:12] La variable empresa no se ha definido.
[2012/03/07 05:38:09] La variable profesion no se ha definido.
[2012/03/07 05:38:09] La variable empresa no se ha definido.
[2012/03/07 05:38:24] La variable profesion no se ha definido.
[2012/03/07 05:38:24] La variable empresa no se ha definido.
[2012/03/07 05:39:40] La variable profesion no se ha definido.
[2012/03/07 05:39:40] La variable empresa no se ha definido.
[2012/03/07 05:40:03] La variable id no se ha definido.
[2012/03/08 03:06:44] La variable idpersonal no se ha definido.
[2012/03/08 03:06:48] La variable idpersonal no se ha definido.
[2012/03/08 03:08:03] La variable tipo_personal no se ha definido.
[2012/03/08 03:09:14] La variable idpersonal no se ha definido.
[2012/03/08 03:09:14] La variable idpersonal no se ha definido.
<<<<<<< HEAD
[2012/03/08 03:34:55] La variable idpersonal no se ha definido.
[2012/03/08 03:35:01] La variable idpersonal no se ha definido.
[2012/03/08 03:35:59] La variable tipo_personal no se ha definido.
[2012/03/08 03:37:39] La variable tipo_personal no se ha definido.
[2012/03/08 03:38:10] La variable tipo_personal no se ha definido.
[2012/03/08 03:40:46] La variable tipo_personal no se ha definido.
[2012/03/08 03:47:18] La variable idpersonal no se ha definido.
=======
[2012/03/08 03:33:04] La variable tipo_personal no se ha definido.
[2012/03/08 03:33:04] La variable profesion no se ha definido.
[2012/03/08 03:33:04] La variable horas_semanas no se ha definido.
[2012/03/08 03:33:04] La variable sueldo no se ha definido.
[2012/03/08 03:33:04] La variable telefono no se ha definido.
[2012/03/08 03:33:04] La variable direccion no se ha definido.
[2012/03/08 03:33:04] La variable sexo no se ha definido.
[2012/03/08 03:33:04] La variable universidad no se ha definido.
[2012/03/08 05:13:50] La variable tipo_personal no se ha definido.
[2012/03/08 05:13:50] La variable profesion no se ha definido.
[2012/03/08 05:13:50] La variable horas_semanas no se ha definido.
[2012/03/08 05:13:50] La variable sueldo no se ha definido.
[2012/03/08 05:13:50] La variable telefono no se ha definido.
[2012/03/08 05:13:50] La variable direccion no se ha definido.
[2012/03/08 05:13:50] La variable sexo no se ha definido.
[2012/03/08 05:13:50] La variable universidad no se ha definido.
[2012/03/08 05:16:21] La variable tipo_personal no se ha definido.
[2012/03/08 05:31:27] La variable tipo_personal no se ha definido.
[2012/03/08 05:31:27] La variable email no se ha definido.
[2012/03/08 05:31:27] La variable password no se ha definido.
[2012/03/08 05:32:50] La variable tipo_personal no se ha definido.
[2012/03/09 04:30:02] La variable idpersonal no se ha definido.
[2012/03/09 04:30:32] La variable email no se ha definido.
[2012/03/09 04:30:32] La variable cedula no se ha definido.
[2012/03/09 04:30:32] La variable nombre no se ha definido.
[2012/03/09 04:30:32] La variable apellido no se ha definido.
[2012/03/09 04:30:32] La variable fecha_nac no se ha definido.
[2012/03/09 04:30:32] La variable ocupacion no se ha definido.
[2012/03/09 04:30:32] La variable telefono no se ha definido.
[2012/03/09 04:30:32] La variable sexo no se ha definido.
[2012/03/09 04:30:32] La variable universidad no se ha definido.
[2012/03/09 04:30:32] La variable profesion no se ha definido.
[2012/03/09 04:30:32] La variable empresa no se ha definido.
[2012/03/09 04:30:32] La variable password no se ha definido.
[2012/03/10 04:03:06] La variable idpersonal no se ha definido.
[2012/03/10 04:03:10] La variable idpersonal no se ha definido.
[2012/03/10 04:09:57] La variable idpersonal no se ha definido.
[2012/03/10 04:13:45] La variable tipo_personal no se ha definido.
[2012/03/11 05:20:20] La variable idpersonal no se ha definido.
[2012/03/11 05:20:24] La variable idpersonal no se ha definido.
[2012/03/11 05:20:47] La variable idpersonal no se ha definido.
[2012/03/11 05:20:57] La variable idpersonal no se ha definido.
[2012/03/11 06:34:38] La variable email no se ha definido.
[2012/03/11 06:34:38] La variable cedula no se ha definido.
[2012/03/11 06:34:38] La variable nombre no se ha definido.
[2012/03/11 06:34:38] La variable apellido no se ha definido.
[2012/03/11 06:34:38] La variable fecha_nac no se ha definido.
[2012/03/11 06:34:38] La variable ocupacion no se ha definido.
[2012/03/11 06:34:38] La variable telefono no se ha definido.
[2012/03/11 06:34:38] La variable sexo no se ha definido.
[2012/03/11 06:34:38] La variable universidad no se ha definido.
[2012/03/11 06:34:38] La variable profesion no se ha definido.
[2012/03/11 06:34:38] La variable empresa no se ha definido.
[2012/03/11 06:34:38] La variable password no se ha definido.
[2012/03/11 06:34:53] La variable email no se ha definido.
[2012/03/11 06:34:53] La variable nombre no se ha definido.
[2012/03/11 06:34:53] La variable apellido no se ha definido.
[2012/03/11 06:34:53] La variable fecha_nac no se ha definido.
[2012/03/11 06:34:53] La variable ocupacion no se ha definido.
[2012/03/11 06:34:53] La variable telefono no se ha definido.
[2012/03/11 06:34:53] La variable sexo no se ha definido.
[2012/03/11 06:34:53] La variable universidad no se ha definido.
[2012/03/11 06:34:53] La variable profesion no se ha definido.
[2012/03/11 06:34:53] La variable empresa no se ha definido.
[2012/03/11 06:34:53] La variable password no se ha definido.
[2012/03/11 06:57:34] La variable id no se ha definido.
[2012/03/11 06:57:54] La variable id no se ha definido.
[2012/03/11 06:59:08] La variable id no se ha definido.
<<<<<<< HEAD
>>>>>>> 3daaeb61ff7c7b441efdd957c905221e57033bee
[2012/03/12 12:04:14] La variable idpersonal no se ha definido.
=======
[2012/03/11 07:15:34] The user "cdpm@hotmail.com" already exists.
[2012/03/11 09:22:15] La variable idpersonal no se ha definido.
[2012/03/11 09:22:37] La variable id no se ha definido.
[2012/03/11 09:23:25] La variable id no se ha definido.
[2012/03/11 10:15:17] La variable email no se ha definido.
[2012/03/11 10:15:17] La variable cedula no se ha definido.
[2012/03/11 10:15:17] La variable nombre no se ha definido.
[2012/03/11 10:15:17] La variable apellido no se ha definido.
[2012/03/11 10:15:17] La variable fecha_nac no se ha definido.
[2012/03/11 10:15:17] La variable ocupacion no se ha definido.
[2012/03/11 10:15:17] La variable telefono no se ha definido.
[2012/03/11 10:15:17] La variable sexo no se ha definido.
[2012/03/11 10:15:17] La variable universidad no se ha definido.
[2012/03/11 10:15:17] La variable profesion no se ha definido.
[2012/03/11 10:15:17] La variable empresa no se ha definido.
[2012/03/11 10:15:17] La variable password no se ha definido.
[2012/03/11 10:19:16] La variable idcertificado no se ha definido.
[2012/03/11 10:20:12] La variable idCertificado no se ha definido.
[2012/03/11 10:22:17] La variable idcertificado no se ha definido.
[2012/03/11 10:22:33] La variable idcertificado no se ha definido.
[2012/03/11 10:23:01] La variable idcertificado no se ha definido.
[2012/03/11 10:23:04] La variable idcertificado no se ha definido.
[2012/03/11 10:24:31] La variable idCertificado no se ha definido.
[2012/03/11 10:24:36] La variable idCertificado no se ha definido.
[2012/03/11 10:25:51] La variable idcertificado no se ha definido.
[2012/03/11 11:50:15] La variable id no se ha definido.
[2012/03/11 11:55:20] La variable idpersonal no se ha definido.
[2012/03/11 11:55:23] La variable idpersonal no se ha definido.
[2012/03/11 11:55:29] La variable idpersonal no se ha definido.
[2012/03/11 11:57:22] La variable idpersonal no se ha definido.
[2012/03/11 11:58:42] La variable id no se ha definido.
[2012/03/11 11:58:52] La variable id no se ha definido.
[2012/03/12 12:05:07] La variable idpersonal no se ha definido.
[2012/03/12 12:05:10] La variable idpersonal no se ha definido.
[2012/03/12 12:12:12] La variable idpersonal no se ha definido.
[2012/03/12 12:27:20] La variable idpersonal no se ha definido.
[2012/03/12 12:29:27] La variable idpersonal no se ha definido.
>>>>>>> 4ba2568a23c893b7247fc641803a86b746c4a5e2
[2012/03/12 12:35:17] La variable idpersonal no se ha definido.
[2012/03/12 12:36:09] La variable idpersonal no se ha definido.
